2021-03-16 08:51:46,044 - server - INFO - Сервер запущен
2021-03-16 08:51:48,906 - server - INFO - Начало прослушивание порта 8084
2021-03-16 08:54:08,463 - server - INFO - Сервер запущен
2021-03-16 08:54:11,416 - server - INFO - Начало прослушивание порта 8084
2021-03-16 08:57:36,797 - server - INFO - Сервер запущен
2021-03-16 08:57:39,698 - server - INFO - Начало прослушивание порта 8084
2021-03-16 08:57:45,369 - server - INFO - Сервер запущен
2021-03-16 08:57:48,412 - server - INFO - Начало прослушивание порта 8084
2021-03-16 09:03:50,140 - server - INFO - Сервер запущен
2021-03-16 09:03:53,008 - server - INFO - Начало прослушивание порта 8084
2021-03-16 09:04:12,391 - server - INFO - Сервер запущен
2021-03-16 09:04:14,770 - server - INFO - Начало прослушивание порта 9090
2021-03-16 09:04:25,141 - server - INFO - Клиент ('127.0.0.1', 49326) подключен
2021-03-16 09:04:31,015 - server - INFO - Данные получены:
2021-03-16 09:04:31,015 - server - INFO - Отправка данных клиенту...
2021-03-16 09:04:39,254 - server - INFO - Данные получены:
2021-03-16 09:04:39,254 - server - INFO - Отправка данных клиенту...
2021-03-16 09:04:46,748 - server - INFO - Отключение клиента...
2021-03-16 09:05:09,914 - server - INFO - Сервер запущен
2021-03-16 09:05:12,405 - server - INFO - Начало прослушивание порта 9090
2021-03-16 09:05:21,430 - server - INFO - Клиент ('127.0.0.1', 49331) подключен
2021-03-16 09:05:27,882 - server - INFO - Данные получены:
2021-03-16 09:05:27,882 - server - INFO - Отправка данных клиенту...
2021-03-16 09:05:31,143 - server - INFO - Данные получены:
2021-03-16 09:05:31,143 - server - INFO - Отправка данных клиенту...
2021-03-16 09:05:34,354 - server - INFO - Отключение клиента...
2021-03-16 09:07:23,105 - server - INFO - Сервер запущен
2021-03-16 09:07:25,463 - server - INFO - Начало прослушивание порта 9090
2021-03-16 09:07:31,955 - server - INFO - Клиент ('127.0.0.1', 49347) подключен
2021-03-16 09:07:37,089 - server - INFO - Данные получены:
2021-03-16 09:07:37,090 - server - INFO - Отправка данных клиенту...
2021-03-16 09:07:39,136 - server - INFO - Данные получены:
2021-03-16 09:07:39,136 - server - INFO - Отправка данных клиенту...
2021-03-16 12:05:32,033 - server - INFO - Сервер запущен
2021-03-16 12:05:35,213 - server - INFO - Начало прослушивание порта 9090
2021-03-16 12:05:52,519 - server - INFO - Клиент('127.0.0.1', 50931)подключен
2021-03-16 12:06:00,543 - server - INFO - Данные получены:
2021-03-16 12:06:00,543 - server - INFO - Отправка данных клиенту...
2021-03-16 12:06:03,556 - server - INFO - Данные получены:
2021-03-16 12:06:03,556 - server - INFO - Отправка данных клиенту...
2021-03-16 13:13:50,590 - server - INFO - Сервер запущен
2021-03-16 13:13:53,392 - server - INFO - Начало прослушивание порта 9090
2021-03-16 13:14:02,650 - server - INFO - Клиент('127.0.0.1', 51665)подключен
2021-03-16 13:14:11,038 - server - INFO - Данные получены:
2021-03-16 13:14:11,039 - server - INFO - Отправка данных клиенту...
2021-03-16 13:14:14,186 - server - INFO - Данные получены:
2021-03-16 13:14:14,186 - server - INFO - Отправка данных клиенту...
2021-03-16 13:16:56,589 - server - INFO - Сервер запущен
2021-03-16 13:16:58,960 - server - INFO - Начало прослушивание порта 9090
2021-03-16 13:17:10,230 - server - INFO - Клиент('127.0.0.1', 51678)подключен
2021-03-16 13:17:14,519 - server - INFO - Данные получены:
2021-03-16 13:17:14,520 - server - INFO - Отправка данных клиенту...
2021-03-16 13:17:17,550 - server - INFO - Данные получены:
2021-03-16 13:17:17,551 - server - INFO - Отправка данных клиенту...
2021-03-16 13:17:29,922 - server - INFO - Данные получены:
2021-03-16 13:17:29,923 - server - INFO - Отправка данных клиенту...
2021-03-16 13:17:36,791 - server - INFO - Данные получены:
2021-03-16 13:17:36,791 - server - INFO - Отправка данных клиенту...
2021-03-16 13:18:19,231 - server - INFO - Сервер запущен
2021-03-16 13:18:21,304 - server - INFO - Начало прослушивание порта 9090
2021-03-16 13:18:28,754 - server - INFO - Клиент('127.0.0.1', 51694)подключен
2021-03-16 13:18:33,120 - server - INFO - Данные получены:
2021-03-16 13:18:33,120 - server - INFO - Отправка данных клиенту...
2021-03-16 13:18:35,663 - server - INFO - Данные получены:
2021-03-16 13:18:35,663 - server - INFO - Отправка данных клиенту...
2021-03-16 13:20:07,058 - server - INFO - Сервер запущен
2021-03-16 13:20:08,806 - server - INFO - Начало прослушивание порта 9090
2021-03-16 13:20:14,234 - server - INFO - Клиент('127.0.0.1', 51706)подключен
2021-03-16 13:20:17,419 - server - INFO - Данные получены:
2021-03-16 13:20:17,420 - server - INFO - Отправка данных клиенту...
2021-03-16 13:20:19,066 - server - INFO - Данные получены:
2021-03-16 13:20:19,066 - server - INFO - Отправка данных клиенту...
2021-03-16 13:20:54,006 - server - INFO - Сервер запущен
2021-03-16 13:20:55,535 - server - INFO - Начало прослушивание порта 9090
2021-03-16 13:20:59,966 - server - INFO - Клиент('127.0.0.1', 51711)подключен
2021-03-16 13:24:08,814 - server - INFO - Сервер запущен
2021-03-16 13:24:11,239 - server - INFO - Начало прослушивание порта 9090
2021-03-16 13:24:18,442 - server - INFO - Клиент('127.0.0.1', 51804)подключен
2021-03-16 13:24:25,739 - server - INFO - Данные получены:
2021-03-16 13:24:25,740 - server - INFO - Отправка данных клиенту...
2021-03-16 13:24:44,184 - server - INFO - Данные получены:
2021-03-16 13:24:44,185 - server - INFO - Отправка данных клиенту...
2021-03-16 13:31:04,972 - server - INFO - Сервер запущен
2021-03-16 13:31:07,568 - server - INFO - Начало прослушивание порта 9090
2021-03-16 13:31:15,415 - server - INFO - Клиент('127.0.0.1', 51921) подключен
2021-03-16 13:31:20,461 - server - INFO - Данные получены:
2021-03-16 13:31:20,461 - server - INFO - Отправка данных клиенту...
2021-03-16 13:31:22,904 - server - INFO - Данные получены:
2021-03-16 13:31:22,904 - server - INFO - Отправка данных клиенту...
2021-03-16 13:31:24,614 - server - INFO - Данные получены:
2021-03-16 13:31:24,614 - server - INFO - Отправка данных клиенту...
2021-03-16 18:47:32,308 - server - INFO - Сервер запущен
2021-03-16 18:58:55,974 - server - INFO - Сервер запущен
2021-03-16 18:58:59,309 - server - INFO - Начало прослушивание порта 9090
2021-03-16 18:59:08,541 - server - INFO - Клиент('127.0.0.1', 53446) подключен
2021-03-16 18:59:13,099 - server - INFO - Данные получены:
2021-03-16 18:59:13,100 - server - INFO - Отправка данных клиенту...
2021-03-16 18:59:15,298 - server - INFO - Данные получены:
2021-03-16 18:59:15,306 - server - INFO - Отправка данных клиенту...
2021-03-16 19:01:28,793 - server - INFO - Сервер запущен
2021-03-16 19:01:30,692 - server - INFO - Начало прослушивание порта 9090
2021-03-16 19:01:36,331 - server - INFO - Клиент('127.0.0.1', 53457) подключен
2021-03-16 19:01:40,020 - server - INFO - Данные получены:
2021-03-16 19:01:40,021 - server - INFO - Отправка данных клиенту...
2021-03-16 19:01:41,794 - server - INFO - Данные получены:
2021-03-16 19:01:41,794 - server - INFO - Отправка данных клиенту...
2021-03-16 19:01:47,197 - server - INFO - Сервер остановлен
2021-03-16 19:02:14,960 - server - INFO - Сервер запущен
2021-03-16 19:02:18,604 - server - INFO - Начало прослушивание порта 9090
2021-03-16 19:02:25,570 - server - INFO - Клиент('127.0.0.1', 53458) подключен
2021-03-16 19:02:36,619 - server - INFO - Данные получены:
2021-03-16 19:02:36,619 - server - INFO - Отправка данных клиенту...
2021-03-16 19:02:38,745 - server - INFO - Данные получены:
2021-03-16 19:02:38,746 - server - INFO - Отправка данных клиенту...
2021-03-16 19:02:40,558 - server - INFO - Сервер остановлен
2021-03-16 19:03:33,360 - server - INFO - Сервер запущен
2021-03-16 19:03:34,995 - server - INFO - Начало прослушивание порта 9090
2021-03-16 19:03:39,752 - server - INFO - Клиент('127.0.0.1', 53461) подключен
2021-03-16 19:03:44,392 - server - INFO - Данные получены:
2021-03-16 19:03:44,392 - server - INFO - Отправка данных клиенту...
2021-03-16 19:03:46,341 - server - INFO - Данные получены:
2021-03-16 19:03:46,342 - server - INFO - Отправка данных клиенту...
2021-03-16 19:03:48,196 - server - INFO - Сервер остановлен
2021-03-16 19:03:53,620 - server - INFO - Сервер запущен
2021-03-16 19:03:55,375 - server - INFO - Начало прослушивание порта 9090
2021-03-16 19:03:59,786 - server - INFO - Клиент('127.0.0.1', 53462) подключен
2021-03-16 19:04:03,557 - server - INFO - Данные получены:
2021-03-16 19:04:03,558 - server - INFO - Отправка данных клиенту...
2021-03-16 19:04:06,353 - server - INFO - Данные получены:
2021-03-16 19:04:06,353 - server - INFO - Отправка данных клиенту...
2021-03-16 19:04:10,357 - server - INFO - Сервер остановлен
2021-03-16 19:05:17,272 - server - INFO - Сервер запущен
2021-03-16 19:05:19,449 - server - INFO - Начало прослушивание порта 9090
2021-03-16 19:05:25,977 - server - INFO - Клиент('127.0.0.1', 53467) подключен
2021-03-16 19:05:32,711 - server - INFO - Данные получены:
2021-03-16 19:05:32,712 - server - INFO - Отправка данных клиенту...
2021-03-16 19:05:35,306 - server - INFO - Сервер остановлен
2021-03-16 19:06:08,085 - server - INFO - Сервер запущен
2021-03-16 19:06:09,767 - server - INFO - Начало прослушивание порта 9090
2021-03-16 19:06:14,326 - server - INFO - Клиент('127.0.0.1', 53468) подключен
2021-03-16 19:06:19,661 - server - INFO - Данные получены:
2021-03-16 19:06:19,661 - server - INFO - Отправка данных клиенту...
2021-03-16 19:06:22,055 - server - INFO - Сервер остановлен
2021-03-16 19:06:26,626 - server - INFO - Сервер запущен
2021-03-16 19:06:34,245 - server - INFO - Начало прослушивание порта 9090
2021-03-16 19:06:41,845 - server - INFO - Клиент('127.0.0.1', 53469) подключен
2021-03-16 19:06:48,135 - server - INFO - Данные получены:
2021-03-16 19:06:48,135 - server - INFO - Отправка данных клиенту...
2021-03-16 19:06:50,353 - server - INFO - Сервер остановлен
2021-03-16 19:07:32,064 - server - INFO - Сервер запущен
2021-03-16 19:07:34,984 - server - INFO - Начало прослушивание порта 9090
2021-03-16 19:07:44,355 - server - INFO - Клиент('127.0.0.1', 53475) подключен
2021-03-16 19:07:51,456 - server - INFO - Данные получены:
2021-03-16 19:07:51,457 - server - INFO - Отправка данных клиенту...
2021-03-16 19:07:52,876 - server - INFO - Сервер остановлен
2021-03-16 19:10:14,006 - server - INFO - Сервер запущен
2021-03-16 19:10:15,649 - server - INFO - Начало прослушивание порта 9090
2021-03-16 19:10:20,699 - server - INFO - Клиент('127.0.0.1', 53476) подключен
2021-03-16 19:10:24,109 - server - INFO - Данные получены:
2021-03-16 19:10:24,110 - server - INFO - Отправка данных клиенту...
2021-03-16 19:10:25,632 - server - INFO - Сервер остановлен
2021-03-16 19:11:30,634 - server - INFO - Сервер запущен
2021-03-16 19:11:32,201 - server - INFO - Начало прослушивание порта 9090
2021-03-16 19:11:37,687 - server - INFO - Клиент('127.0.0.1', 53479) подключен
2021-03-16 19:11:40,632 - server - INFO - Данные получены:
2021-03-16 19:11:40,633 - server - INFO - Отправка данных клиенту...
2021-03-16 19:11:41,830 - server - INFO - Сервер остановлен
2021-03-16 20:31:59,797 - server - INFO - Сервер запущен
2021-03-16 20:32:08,262 - server - INFO - Начало прослушивание порта 9090
2021-03-16 20:33:10,457 - server - INFO - Клиент liza подключен
2021-03-16 20:33:19,000 - server - INFO - Данные получены:
2021-03-16 20:33:19,000 - server - INFO - Отправка данных клиенту...
2021-03-16 20:33:20,616 - server - INFO - Данные получены:
2021-03-16 20:33:20,626 - server - INFO - Отключение клиента...
2021-03-24 08:29:38,249 - server - INFO - Сервер запущен
2021-03-24 08:29:44,372 - server - INFO - Начало прослушивание порта 8080
2021-03-24 08:29:57,533 - server - INFO - Клиент tr подключен
2021-03-24 08:30:03,310 - server - INFO - Данные получены:
2021-03-24 08:30:03,310 - server - INFO - Отправка данных клиенту...
2021-03-24 08:30:06,299 - server - INFO - Данные получены:
2021-03-24 08:30:06,308 - server - INFO - Отключение клиента...
2021-03-24 08:56:15,262 - server - INFO - Сервер запущен
2021-03-24 08:56:19,751 - server - INFO - Начало прослушивание порта 8080
2021-03-24 08:56:32,348 - server - INFO - Клиент lizapol подключен
2021-03-24 08:56:49,277 - server - INFO - Данные получены:
2021-03-24 08:56:49,277 - server - INFO - Отправка данных клиенту...
2021-03-24 08:56:51,053 - server - INFO - Данные получены:
2021-03-24 08:56:51,054 - server - INFO - Отправка данных клиенту...
2021-03-24 08:56:57,354 - server - INFO - Данные получены:
2021-03-24 08:56:57,362 - server - INFO - Отключение клиента...
