2021-04-04 22:40:26,587 - server2 - INFO - Сервер запущен
2021-04-04 22:40:26,587 - server2 - INFO - Начало прослушивание порта 9090
2021-04-04 22:40:29,467 - server2 - INFO - пользовательliza отправил сообщение
2021-04-04 22:41:19,725 - server2 - INFO - Сервер запущен
2021-04-04 22:41:19,725 - server2 - INFO - Начало прослушивание порта 9090
2021-04-04 22:41:21,334 - server2 - INFO - пользовательliza отправил сообщение
2021-04-04 22:41:22,620 - server2 - INFO - текст сообщения:  psdjfc 
2021-04-04 22:41:24,067 - server2 - INFO - текст сообщения:  kaenfcpwoenv 
2021-04-07 08:36:54,923 - server2 - INFO - Сервер запущен
2021-04-07 08:36:54,924 - server2 - INFO - Начало прослушивание порта 9090
2021-04-07 08:36:58,430 - server2 - INFO - Сервер запущен
2021-04-07 08:36:58,431 - server2 - INFO - Начало прослушивание порта 9090
2021-04-07 08:37:03,768 - server2 - INFO - пользовательliza отправил сообщение
2021-04-07 08:37:10,557 - server2 - INFO - пользовательkaty отправил сообщение
2021-04-07 08:37:13,166 - server2 - INFO - текст сообщения:  [fgksr 
2021-04-07 08:37:14,514 - server2 - INFO - текст сообщения:  lcg;hmf;h 
2021-04-07 08:37:18,461 - server2 - INFO - текст сообщения:  tmheodteo 
2021-04-07 08:37:21,189 - server2 - INFO - текст сообщения:  dt;hjgt 
2021-04-07 08:37:23,970 - server2 - INFO - текст сообщения:  jopjoj 
2021-04-07 08:37:26,243 - server2 - INFO - текст сообщения:  joj 
2021-04-07 08:38:51,883 - server2 - INFO - Сервер запущен
2021-04-07 08:38:51,883 - server2 - INFO - Начало прослушивание порта 9090
2021-04-07 08:38:58,657 - server2 - INFO - Сервер запущен
2021-04-07 08:38:58,657 - server2 - INFO - Начало прослушивание порта 9090
2021-04-07 08:39:02,498 - server2 - INFO - пользовательliza отправил сообщение
2021-04-07 08:39:04,423 - server2 - INFO - текст сообщения:  www 
2021-04-07 08:39:08,217 - server2 - INFO - пользовательr отправил сообщение
2021-04-07 08:39:10,039 - server2 - INFO - текст сообщения:  qq 
2021-04-07 08:39:16,072 - server2 - INFO - текст сообщения:  jfjf 
2021-04-07 08:39:19,357 - server2 - INFO - текст сообщения:  kdkdk 
2021-04-07 08:40:19,157 - server2 - INFO - Сервер запущен
2021-04-07 08:40:19,158 - server2 - INFO - Начало прослушивание порта 9090
2021-04-07 08:40:21,856 - server2 - INFO - Сервер запущен
2021-04-07 08:40:21,856 - server2 - INFO - Начало прослушивание порта 9090
2021-04-07 08:40:24,941 - server2 - INFO - пользовательutut отправил сообщение
2021-04-07 08:40:28,557 - server2 - INFO - пользовательqw отправил сообщение
2021-04-07 08:40:31,718 - server2 - INFO - текст сообщения:  kkfkf 
2021-04-07 08:40:35,142 - server2 - INFO - текст сообщения:  kdkd 
2021-04-07 08:40:42,044 - server2 - INFO - сервер разорвал соединение
2021-04-07 08:40:42,044 - server2 - INFO - сервер разорвал соединение
2021-04-07 08:41:38,802 - server2 - INFO - Сервер запущен
2021-04-07 08:41:38,802 - server2 - INFO - Начало прослушивание порта 9090
2021-04-07 08:41:45,181 - server2 - INFO - Сервер запущен
2021-04-07 08:41:45,181 - server2 - INFO - Начало прослушивание порта 9090
2021-04-07 08:41:48,460 - server2 - INFO - пользовательrt отправил сообщение
2021-04-07 08:41:52,757 - server2 - INFO - текст сообщения:  dsfsfgdg 
2021-04-07 08:41:55,703 - server2 - INFO - пользовательq отправил сообщение
2021-04-07 08:41:56,997 - server2 - INFO - текст сообщения:  kjdzfbh 
2021-04-07 08:42:07,978 - server2 - INFO - текст сообщения:  jfjf 
2021-04-07 08:42:20,359 - server2 - INFO - текст сообщения:  12112 
2021-04-07 08:42:26,935 - server2 - INFO - текст сообщения:  333 
2021-04-07 08:42:30,806 - server2 - INFO - текст сообщения:  gkkg 
2021-04-07 08:42:33,092 - server2 - INFO - текст сообщения:  kkgkg 
2021-04-07 08:44:30,510 - server2 - INFO - Сервер запущен
2021-04-07 08:44:30,510 - server2 - INFO - Начало прослушивание порта 9090
2021-04-07 08:44:32,692 - server2 - INFO - Сервер запущен
2021-04-07 08:44:32,692 - server2 - INFO - Начало прослушивание порта 9090
2021-04-07 08:44:34,686 - server2 - INFO - пользовательliza отправил сообщение
2021-04-07 08:44:37,414 - server2 - INFO - пользовательvika отправил сообщение
2021-04-07 08:44:39,382 - server2 - INFO - текст сообщения:  skdf 
2021-04-07 08:44:42,164 - server2 - INFO - текст сообщения:  dfdf 
2021-04-07 08:44:45,036 - server2 - INFO - текст сообщения:  skdfnd 
2021-04-07 08:44:47,858 - server2 - INFO - текст сообщения:  s;df 
2021-04-07 08:45:36,933 - server2 - INFO - Сервер запущен
2021-04-07 08:45:36,933 - server2 - INFO - Начало прослушивание порта 9090
2021-04-07 08:45:38,660 - server2 - INFO - Сервер запущен
2021-04-07 08:45:38,661 - server2 - INFO - Начало прослушивание порта 9090
2021-04-07 08:45:40,683 - server2 - INFO - пользовательliza отправил сообщение
2021-04-07 08:45:43,465 - server2 - INFO - пользовательyu отправил сообщение
2021-04-07 08:45:45,546 - server2 - INFO - текст сообщения:  jfj 
2021-04-07 08:45:48,238 - server2 - INFO - текст сообщения:  kfkf 
2021-04-07 08:45:50,722 - server2 - INFO - текст сообщения:  kfkfk 
2021-04-07 08:45:53,643 - server2 - INFO - текст сообщения:  fllf 
2021-04-07 08:46:29,451 - server2 - INFO - Сервер запущен
2021-04-07 08:46:29,451 - server2 - INFO - Начало прослушивание порта 9090
2021-04-07 08:46:31,288 - server2 - INFO - Сервер запущен
2021-04-07 08:46:31,288 - server2 - INFO - Начало прослушивание порта 9090
2021-04-07 08:46:34,576 - server2 - INFO - пользовательii отправил сообщение
2021-04-07 08:46:36,510 - server2 - INFO - пользовательqq отправил сообщение
2021-04-07 08:46:38,544 - server2 - INFO - текст сообщения:  dfdefesf 
2021-04-07 08:46:40,348 - server2 - INFO - текст сообщения:  a;wdmaw 
2021-04-07 08:46:42,244 - server2 - INFO - текст сообщения:  s;gn;fg 
2021-04-07 08:46:44,971 - server2 - INFO - текст сообщения:  sdfjsp 
2021-04-07 08:46:46,951 - server2 - INFO - текст сообщения:  sdgjgo[ 
2021-04-07 08:46:55,172 - server2 - INFO - текст сообщения:   
2021-04-07 09:19:57,838 - server2 - INFO - Сервер запущен
2021-04-07 09:19:57,838 - server2 - INFO - Начало прослушивание порта 9090
2021-04-07 09:20:00,194 - server2 - INFO - Сервер запущен
2021-04-07 09:20:00,194 - server2 - INFO - Начало прослушивание порта 9090
2021-04-07 09:20:13,251 - server2 - INFO - пользователь liza отправил сообщение
2021-04-07 09:20:23,494 - server2 - INFO - пользователь rita отправил сообщение
2021-04-07 09:20:26,326 - server2 - INFO - текст сообщения:  fhdzfhois 
2021-04-07 09:20:34,965 - server2 - INFO - текст сообщения:  dfghsgh 
2021-04-07 09:20:54,106 - server2 - INFO - сервер разорвал соединение
2021-04-07 09:20:54,106 - server2 - INFO - сервер разорвал соединение
